<?xml version="1.0" encoding="UTF-8"?>
<testsuite name="PlayerTest" tests="4" skipped="0" failures="0" errors="0" timestamp="2020-01-10T10:35:29" hostname="DESKTOP-9LHV3JK" time="0.626">
  <properties/>
  <testcase name="Create_new_Player" classname="PlayerTest" time="0.006"/>
  <testcase name="Check_Inmoves" classname="PlayerTest" time="0.614"/>
  <testcase name="Check_Allmoves" classname="PlayerTest" time="0.001"/>
  <testcase name="Fill_moves" classname="PlayerTest" time="0.001"/>
  <system-out><![CDATA[]]></system-out>
  <system-err><![CDATA[]]></system-err>
</testsuite>
